{"/home/usuario/cinemart/Backend/server.js": {"path":"/home/usuario/cinemart/Backend/server.js","statementMap":{"0":{"start":{"line":1,"column":16},"end":{"line":1,"column":34}},"1":{"start":{"line":2,"column":13},"end":{"line":2,"column":28}},"2":{"start":{"line":3,"column":66},"end":{"line":3,"column":99}},"3":{"start":{"line":4,"column":44},"end":{"line":4,"column":78}},"4":{"start":{"line":5,"column":21},"end":{"line":5,"column":32}},"5":{"start":{"line":9,"column":0},"end":{"line":18,"column":1}},"6":{"start":{"line":11,"column":19},"end":{"line":11,"column":36}},"7":{"start":{"line":12,"column":4},"end":{"line":12,"column":10}},"8":{"start":{"line":14,"column":19},"end":{"line":14,"column":39}},"9":{"start":{"line":15,"column":4},"end":{"line":15,"column":10}},"10":{"start":{"line":17,"column":19},"end":{"line":17,"column":31}},"11":{"start":{"line":20,"column":21},"end":{"line":22,"column":19}},"12":{"start":{"line":24,"column":12},"end":{"line":24,"column":21}},"13":{"start":{"line":26,"column":18},"end":{"line":30,"column":1}},"14":{"start":{"line":32,"column":0},"end":{"line":32,"column":27}},"15":{"start":{"line":35,"column":0},"end":{"line":35,"column":24}},"16":{"start":{"line":38,"column":0},"end":{"line":38,"column":48}},"17":{"start":{"line":40,"column":11},"end":{"line":40,"column":34}},"18":{"start":{"line":41,"column":13},"end":{"line":41,"column":20}},"19":{"start":{"line":42,"column":12},"end":{"line":42,"column":88}},"20":{"start":{"line":43,"column":0},"end":{"line":83,"column":1}},"21":{"start":{"line":44,"column":2},"end":{"line":62,"column":7}},"22":{"start":{"line":56,"column":6},"end":{"line":56,"column":61}},"23":{"start":{"line":57,"column":6},"end":{"line":57,"column":16}},"24":{"start":{"line":60,"column":6},"end":{"line":60,"column":47}},"25":{"start":{"line":61,"column":6},"end":{"line":61,"column":21}},"26":{"start":{"line":64,"column":2},"end":{"line":82,"column":7}},"27":{"start":{"line":76,"column":6},"end":{"line":76,"column":54}},"28":{"start":{"line":77,"column":6},"end":{"line":77,"column":16}},"29":{"start":{"line":80,"column":6},"end":{"line":80,"column":45}},"30":{"start":{"line":81,"column":6},"end":{"line":81,"column":21}},"31":{"start":{"line":85,"column":0},"end":{"line":87,"column":3}},"32":{"start":{"line":86,"column":2},"end":{"line":86,"column":41}},"33":{"start":{"line":90,"column":0},"end":{"line":90,"column":41}},"34":{"start":{"line":91,"column":0},"end":{"line":91,"column":41}},"35":{"start":{"line":92,"column":0},"end":{"line":92,"column":41}},"36":{"start":{"line":96,"column":13},"end":{"line":96,"column":37}},"37":{"start":{"line":97,"column":15},"end":{"line":99,"column":2}},"38":{"start":{"line":98,"column":2},"end":{"line":98,"column":52}},"39":{"start":{"line":101,"column":0},"end":{"line":101,"column":32}},"40":{"start":{"line":104,"column":2},"end":{"line":126,"column":5}},"41":{"start":{"line":105,"column":4},"end":{"line":125,"column":5}},"42":{"start":{"line":106,"column":6},"end":{"line":114,"column":9}},"43":{"start":{"line":109,"column":8},"end":{"line":111,"column":9}},"44":{"start":{"line":110,"column":10},"end":{"line":110,"column":36}},"45":{"start":{"line":113,"column":8},"end":{"line":113,"column":56}},"46":{"start":{"line":116,"column":6},"end":{"line":124,"column":9}},"47":{"start":{"line":119,"column":8},"end":{"line":121,"column":9}},"48":{"start":{"line":120,"column":10},"end":{"line":120,"column":36}},"49":{"start":{"line":123,"column":8},"end":{"line":123,"column":57}}},"fnMap":{"0":{"name":"(anonymous_0)","decl":{"start":{"line":55,"column":10},"end":{"line":55,"column":11}},"loc":{"start":{"line":55,"column":16},"end":{"line":58,"column":5}},"line":55},"1":{"name":"(anonymous_1)","decl":{"start":{"line":59,"column":11},"end":{"line":59,"column":12}},"loc":{"start":{"line":59,"column":18},"end":{"line":62,"column":5}},"line":59},"2":{"name":"(anonymous_2)","decl":{"start":{"line":75,"column":10},"end":{"line":75,"column":11}},"loc":{"start":{"line":75,"column":16},"end":{"line":78,"column":5}},"line":75},"3":{"name":"(anonymous_3)","decl":{"start":{"line":79,"column":11},"end":{"line":79,"column":12}},"loc":{"start":{"line":79,"column":18},"end":{"line":82,"column":5}},"line":79},"4":{"name":"(anonymous_4)","decl":{"start":{"line":85,"column":13},"end":{"line":85,"column":14}},"loc":{"start":{"line":85,"column":27},"end":{"line":87,"column":1}},"line":85},"5":{"name":"(anonymous_5)","decl":{"start":{"line":97,"column":43},"end":{"line":97,"column":44}},"loc":{"start":{"line":97,"column":49},"end":{"line":99,"column":1}},"line":97},"6":{"name":"initial","decl":{"start":{"line":103,"column":9},"end":{"line":103,"column":16}},"loc":{"start":{"line":103,"column":19},"end":{"line":127,"column":1}},"line":103},"7":{"name":"(anonymous_7)","decl":{"start":{"line":104,"column":30},"end":{"line":104,"column":31}},"loc":{"start":{"line":104,"column":46},"end":{"line":126,"column":3}},"line":104},"8":{"name":"(anonymous_8)","decl":{"start":{"line":108,"column":14},"end":{"line":108,"column":15}},"loc":{"start":{"line":108,"column":21},"end":{"line":114,"column":7}},"line":108},"9":{"name":"(anonymous_9)","decl":{"start":{"line":118,"column":14},"end":{"line":118,"column":15}},"loc":{"start":{"line":118,"column":21},"end":{"line":124,"column":7}},"line":118}},"branchMap":{"0":{"loc":{"start":{"line":9,"column":0},"end":{"line":18,"column":1}},"type":"switch","locations":[{"start":{"line":10,"column":2},"end":{"line":12,"column":10}},{"start":{"line":13,"column":2},"end":{"line":15,"column":10}},{"start":{"line":16,"column":2},"end":{"line":17,"column":32}}],"line":9},"1":{"loc":{"start":{"line":20,"column":21},"end":{"line":22,"column":19}},"type":"cond-expr","locations":[{"start":{"line":21,"column":4},"end":{"line":21,"column":18}},{"start":{"line":22,"column":4},"end":{"line":22,"column":19}}],"line":20},"2":{"loc":{"start":{"line":43,"column":0},"end":{"line":83,"column":1}},"type":"if","locations":[{"start":{"line":43,"column":0},"end":{"line":83,"column":1}},{"start":{"line":63,"column":7},"end":{"line":83,"column":1}}],"line":43},"3":{"loc":{"start":{"line":96,"column":13},"end":{"line":96,"column":37}},"type":"binary-expr","locations":[{"start":{"line":96,"column":13},"end":{"line":96,"column":29}},{"start":{"line":96,"column":33},"end":{"line":96,"column":37}}],"line":96},"4":{"loc":{"start":{"line":105,"column":4},"end":{"line":125,"column":5}},"type":"if","locations":[{"start":{"line":105,"column":4},"end":{"line":125,"column":5}},{"start":{},"end":{}}],"line":105},"5":{"loc":{"start":{"line":105,"column":8},"end":{"line":105,"column":27}},"type":"binary-expr","locations":[{"start":{"line":105,"column":8},"end":{"line":105,"column":12}},{"start":{"line":105,"column":16},"end":{"line":105,"column":27}}],"line":105},"6":{"loc":{"start":{"line":109,"column":8},"end":{"line":111,"column":9}},"type":"if","locations":[{"start":{"line":109,"column":8},"end":{"line":111,"column":9}},{"start":{},"end":{}}],"line":109},"7":{"loc":{"start":{"line":119,"column":8},"end":{"line":121,"column":9}},"type":"if","locations":[{"start":{"line":119,"column":8},"end":{"line":121,"column":9}},{"start":{},"end":{}}],"line":119}},"s":{"0":1,"1":1,"2":1,"3":1,"4":1,"5":1,"6":1,"7":1,"8":0,"9":0,"10":0,"11":1,"12":1,"13":1,"14":1,"15":1,"16":1,"17":1,"18":1,"19":1,"20":1,"21":0,"22":0,"23":0,"24":0,"25":0,"26":1,"27":1,"28":1,"29":0,"30":0,"31":1,"32":0,"33":1,"34":1,"35":1,"36":1,"37":1,"38":0,"39":1,"40":1,"41":1,"42":0,"43":0,"44":0,"45":0,"46":0,"47":0,"48":0,"49":0},"f":{"0":0,"1":0,"2":1,"3":0,"4":0,"5":0,"6":1,"7":1,"8":0,"9":0},"b":{"0":[1,0,0],"1":[0,1],"2":[0,1],"3":[1,1],"4":[0,1],"5":[1,1],"6":[0,0],"7":[0,0]},"_coverageSchema":"1a1c01bbd47fc00a2c39e90264f33305004495a9","hash":"d7cdc393ffb617c4c5ba59dc00346e623fe90a67"}
,"/home/usuario/cinemart/Backend/src/config/auth.config.js": {"path":"/home/usuario/cinemart/Backend/src/config/auth.config.js","statementMap":{"0":{"start":{"line":1,"column":0},"end":{"line":3,"column":4}}},"fnMap":{},"branchMap":{},"s":{"0":1},"f":{},"b":{},"_coverageSchema":"1a1c01bbd47fc00a2c39e90264f33305004495a9","hash":"41c56f32cfd417c769ad1a55b151b396e5aab764"}
,"/home/usuario/cinemart/Backend/src/config/db.config.js": {"path":"/home/usuario/cinemart/Backend/src/config/db.config.js","statementMap":{"0":{"start":{"line":1,"column":21},"end":{"line":8,"column":1}},"1":{"start":{"line":9,"column":26},"end":{"line":16,"column":1}},"2":{"start":{"line":18,"column":29},"end":{"line":23,"column":1}},"3":{"start":{"line":25,"column":0},"end":{"line":25,"column":43}},"4":{"start":{"line":26,"column":0},"end":{"line":26,"column":53}},"5":{"start":{"line":27,"column":0},"end":{"line":27,"column":59}}},"fnMap":{},"branchMap":{},"s":{"0":1,"1":1,"2":1,"3":1,"4":1,"5":1},"f":{},"b":{},"_coverageSchema":"1a1c01bbd47fc00a2c39e90264f33305004495a9","hash":"8a7b5241a835fa9b1ea5b71cae41b46ed95524ec"}
,"/home/usuario/cinemart/Backend/src/config/env.config.js": {"path":"/home/usuario/cinemart/Backend/src/config/env.config.js","statementMap":{"0":{"start":{"line":1,"column":23},"end":{"line":4,"column":1}},"1":{"start":{"line":5,"column":24},"end":{"line":8,"column":1}},"2":{"start":{"line":9,"column":0},"end":{"line":9,"column":47}},"3":{"start":{"line":10,"column":0},"end":{"line":10,"column":49}}},"fnMap":{},"branchMap":{},"s":{"0":1,"1":1,"2":1,"3":1},"f":{},"b":{},"_coverageSchema":"1a1c01bbd47fc00a2c39e90264f33305004495a9","hash":"1586027337c1db1bd4c76169f2e6e70fc455ef3f"}
,"/home/usuario/cinemart/Backend/src/controllers/auth.controller.js": {"path":"/home/usuario/cinemart/Backend/src/controllers/auth.controller.js","statementMap":{"0":{"start":{"line":1,"column":15},"end":{"line":1,"column":47}},"1":{"start":{"line":2,"column":11},"end":{"line":2,"column":31}},"2":{"start":{"line":3,"column":13},"end":{"line":3,"column":20}},"3":{"start":{"line":4,"column":13},"end":{"line":4,"column":20}},"4":{"start":{"line":5,"column":10},"end":{"line":5,"column":33}},"5":{"start":{"line":6,"column":13},"end":{"line":6,"column":32}},"6":{"start":{"line":8,"column":0},"end":{"line":56,"column":2}},"7":{"start":{"line":9,"column":15},"end":{"line":13,"column":4}},"8":{"start":{"line":14,"column":2},"end":{"line":55,"column":5}},"9":{"start":{"line":15,"column":4},"end":{"line":18,"column":5}},"10":{"start":{"line":16,"column":6},"end":{"line":16,"column":45}},"11":{"start":{"line":17,"column":6},"end":{"line":17,"column":13}},"12":{"start":{"line":19,"column":4},"end":{"line":54,"column":5}},"13":{"start":{"line":20,"column":6},"end":{"line":38,"column":8}},"14":{"start":{"line":25,"column":10},"end":{"line":28,"column":11}},"15":{"start":{"line":26,"column":12},"end":{"line":26,"column":51}},"16":{"start":{"line":27,"column":12},"end":{"line":27,"column":19}},"17":{"start":{"line":29,"column":10},"end":{"line":29,"column":51}},"18":{"start":{"line":29,"column":41},"end":{"line":29,"column":49}},"19":{"start":{"line":30,"column":10},"end":{"line":36,"column":13}},"20":{"start":{"line":31,"column":12},"end":{"line":34,"column":13}},"21":{"start":{"line":32,"column":14},"end":{"line":32,"column":53}},"22":{"start":{"line":33,"column":14},"end":{"line":33,"column":21}},"23":{"start":{"line":35,"column":12},"end":{"line":35,"column":71}},"24":{"start":{"line":40,"column":6},"end":{"line":53,"column":9}},"25":{"start":{"line":41,"column":8},"end":{"line":44,"column":9}},"26":{"start":{"line":42,"column":10},"end":{"line":42,"column":49}},"27":{"start":{"line":43,"column":10},"end":{"line":43,"column":17}},"28":{"start":{"line":45,"column":8},"end":{"line":45,"column":32}},"29":{"start":{"line":46,"column":8},"end":{"line":52,"column":11}},"30":{"start":{"line":47,"column":10},"end":{"line":50,"column":11}},"31":{"start":{"line":48,"column":12},"end":{"line":48,"column":51}},"32":{"start":{"line":49,"column":12},"end":{"line":49,"column":19}},"33":{"start":{"line":51,"column":10},"end":{"line":51,"column":69}},"34":{"start":{"line":58,"column":0},"end":{"line":96,"column":2}},"35":{"start":{"line":59,"column":2},"end":{"line":95,"column":7}},"36":{"start":{"line":64,"column":6},"end":{"line":67,"column":7}},"37":{"start":{"line":65,"column":8},"end":{"line":65,"column":47}},"38":{"start":{"line":66,"column":8},"end":{"line":66,"column":15}},"39":{"start":{"line":68,"column":6},"end":{"line":70,"column":7}},"40":{"start":{"line":69,"column":8},"end":{"line":69,"column":68}},"41":{"start":{"line":71,"column":28},"end":{"line":74,"column":7}},"42":{"start":{"line":75,"column":6},"end":{"line":80,"column":7}},"43":{"start":{"line":76,"column":8},"end":{"line":79,"column":11}},"44":{"start":{"line":81,"column":18},"end":{"line":83,"column":8}},"45":{"start":{"line":84,"column":24},"end":{"line":84,"column":26}},"46":{"start":{"line":85,"column":6},"end":{"line":87,"column":7}},"47":{"start":{"line":85,"column":19},"end":{"line":85,"column":20}},"48":{"start":{"line":86,"column":8},"end":{"line":86,"column":69}},"49":{"start":{"line":88,"column":6},"end":{"line":94,"column":9}},"50":{"start":{"line":98,"column":0},"end":{"line":105,"column":2}},"51":{"start":{"line":99,"column":2},"end":{"line":104,"column":3}},"52":{"start":{"line":100,"column":4},"end":{"line":100,"column":23}},"53":{"start":{"line":101,"column":4},"end":{"line":101,"column":72}},"54":{"start":{"line":103,"column":4},"end":{"line":103,"column":19}}},"fnMap":{"0":{"name":"(anonymous_0)","decl":{"start":{"line":8,"column":17},"end":{"line":8,"column":18}},"loc":{"start":{"line":8,"column":31},"end":{"line":56,"column":1}},"line":8},"1":{"name":"(anonymous_1)","decl":{"start":{"line":14,"column":12},"end":{"line":14,"column":13}},"loc":{"start":{"line":14,"column":27},"end":{"line":55,"column":3}},"line":14},"2":{"name":"(anonymous_2)","decl":{"start":{"line":24,"column":8},"end":{"line":24,"column":9}},"loc":{"start":{"line":24,"column":24},"end":{"line":37,"column":9}},"line":24},"3":{"name":"(anonymous_3)","decl":{"start":{"line":29,"column":33},"end":{"line":29,"column":34}},"loc":{"start":{"line":29,"column":41},"end":{"line":29,"column":49}},"line":29},"4":{"name":"(anonymous_4)","decl":{"start":{"line":30,"column":20},"end":{"line":30,"column":21}},"loc":{"start":{"line":30,"column":27},"end":{"line":36,"column":11}},"line":30},"5":{"name":"(anonymous_5)","decl":{"start":{"line":40,"column":37},"end":{"line":40,"column":38}},"loc":{"start":{"line":40,"column":52},"end":{"line":53,"column":7}},"line":40},"6":{"name":"(anonymous_6)","decl":{"start":{"line":46,"column":18},"end":{"line":46,"column":19}},"loc":{"start":{"line":46,"column":25},"end":{"line":52,"column":9}},"line":46},"7":{"name":"(anonymous_7)","decl":{"start":{"line":58,"column":17},"end":{"line":58,"column":18}},"loc":{"start":{"line":58,"column":31},"end":{"line":96,"column":1}},"line":58},"8":{"name":"(anonymous_8)","decl":{"start":{"line":63,"column":10},"end":{"line":63,"column":11}},"loc":{"start":{"line":63,"column":25},"end":{"line":95,"column":5}},"line":63},"9":{"name":"(anonymous_9)","decl":{"start":{"line":98,"column":18},"end":{"line":98,"column":19}},"loc":{"start":{"line":98,"column":38},"end":{"line":105,"column":1}},"line":98}},"branchMap":{"0":{"loc":{"start":{"line":15,"column":4},"end":{"line":18,"column":5}},"type":"if","locations":[{"start":{"line":15,"column":4},"end":{"line":18,"column":5}},{"start":{},"end":{}}],"line":15},"1":{"loc":{"start":{"line":19,"column":4},"end":{"line":54,"column":5}},"type":"if","locations":[{"start":{"line":19,"column":4},"end":{"line":54,"column":5}},{"start":{"line":39,"column":11},"end":{"line":54,"column":5}}],"line":19},"2":{"loc":{"start":{"line":25,"column":10},"end":{"line":28,"column":11}},"type":"if","locations":[{"start":{"line":25,"column":10},"end":{"line":28,"column":11}},{"start":{},"end":{}}],"line":25},"3":{"loc":{"start":{"line":31,"column":12},"end":{"line":34,"column":13}},"type":"if","locations":[{"start":{"line":31,"column":12},"end":{"line":34,"column":13}},{"start":{},"end":{}}],"line":31},"4":{"loc":{"start":{"line":41,"column":8},"end":{"line":44,"column":9}},"type":"if","locations":[{"start":{"line":41,"column":8},"end":{"line":44,"column":9}},{"start":{},"end":{}}],"line":41},"5":{"loc":{"start":{"line":47,"column":10},"end":{"line":50,"column":11}},"type":"if","locations":[{"start":{"line":47,"column":10},"end":{"line":50,"column":11}},{"start":{},"end":{}}],"line":47},"6":{"loc":{"start":{"line":64,"column":6},"end":{"line":67,"column":7}},"type":"if","locations":[{"start":{"line":64,"column":6},"end":{"line":67,"column":7}},{"start":{},"end":{}}],"line":64},"7":{"loc":{"start":{"line":68,"column":6},"end":{"line":70,"column":7}},"type":"if","locations":[{"start":{"line":68,"column":6},"end":{"line":70,"column":7}},{"start":{},"end":{}}],"line":68},"8":{"loc":{"start":{"line":75,"column":6},"end":{"line":80,"column":7}},"type":"if","locations":[{"start":{"line":75,"column":6},"end":{"line":80,"column":7}},{"start":{},"end":{}}],"line":75}},"s":{"0":1,"1":1,"2":1,"3":1,"4":1,"5":1,"6":1,"7":2,"8":2,"9":2,"10":0,"11":0,"12":2,"13":2,"14":2,"15":0,"16":0,"17":2,"18":6,"19":2,"20":2,"21":0,"22":0,"23":2,"24":0,"25":0,"26":0,"27":0,"28":0,"29":0,"30":0,"31":0,"32":0,"33":0,"34":1,"35":4,"36":4,"37":0,"38":0,"39":4,"40":1,"41":3,"42":3,"43":1,"44":2,"45":2,"46":2,"47":2,"48":6,"49":2,"50":1,"51":0,"52":0,"53":0,"54":0},"f":{"0":2,"1":2,"2":2,"3":6,"4":2,"5":0,"6":0,"7":4,"8":4,"9":0},"b":{"0":[0,2],"1":[2,0],"2":[0,2],"3":[0,2],"4":[0,0],"5":[0,0],"6":[0,4],"7":[1,3],"8":[1,2]},"_coverageSchema":"1a1c01bbd47fc00a2c39e90264f33305004495a9","hash":"19574461c32146f003ee8dc642097dda2e13acb3"}
,"/home/usuario/cinemart/Backend/src/controllers/film.controller.js": {"path":"/home/usuario/cinemart/Backend/src/controllers/film.controller.js","statementMap":{"0":{"start":{"line":1,"column":15},"end":{"line":1,"column":47}},"1":{"start":{"line":2,"column":11},"end":{"line":2,"column":31}},"2":{"start":{"line":3,"column":13},"end":{"line":3,"column":20}},"3":{"start":{"line":5,"column":0},"end":{"line":15,"column":2}},"4":{"start":{"line":6,"column":2},"end":{"line":14,"column":6}},"5":{"start":{"line":9,"column":6},"end":{"line":12,"column":7}},"6":{"start":{"line":10,"column":8},"end":{"line":10,"column":47}},"7":{"start":{"line":11,"column":8},"end":{"line":11,"column":15}},"8":{"start":{"line":13,"column":6},"end":{"line":13,"column":34}},"9":{"start":{"line":17,"column":0},"end":{"line":31,"column":2}},"10":{"start":{"line":18,"column":2},"end":{"line":30,"column":4}},"11":{"start":{"line":22,"column":4},"end":{"line":25,"column":5}},"12":{"start":{"line":23,"column":6},"end":{"line":23,"column":45}},"13":{"start":{"line":24,"column":6},"end":{"line":24,"column":13}},"14":{"start":{"line":26,"column":4},"end":{"line":28,"column":5}},"15":{"start":{"line":27,"column":6},"end":{"line":27,"column":66}},"16":{"start":{"line":29,"column":4},"end":{"line":29,"column":31}},"17":{"start":{"line":32,"column":0},"end":{"line":46,"column":1}},"18":{"start":{"line":33,"column":15},"end":{"line":38,"column":4}},"19":{"start":{"line":39,"column":2},"end":{"line":45,"column":5}},"20":{"start":{"line":40,"column":4},"end":{"line":43,"column":5}},"21":{"start":{"line":41,"column":6},"end":{"line":41,"column":45}},"22":{"start":{"line":42,"column":6},"end":{"line":42,"column":13}},"23":{"start":{"line":44,"column":4},"end":{"line":44,"column":41}},"24":{"start":{"line":48,"column":0},"end":{"line":66,"column":2}},"25":{"start":{"line":49,"column":2},"end":{"line":65,"column":4}},"26":{"start":{"line":53,"column":4},"end":{"line":56,"column":5}},"27":{"start":{"line":54,"column":6},"end":{"line":54,"column":45}},"28":{"start":{"line":55,"column":6},"end":{"line":55,"column":13}},"29":{"start":{"line":57,"column":4},"end":{"line":57,"column":56}},"30":{"start":{"line":57,"column":36},"end":{"line":57,"column":50}},"31":{"start":{"line":58,"column":4},"end":{"line":64,"column":7}},"32":{"start":{"line":59,"column":6},"end":{"line":62,"column":7}},"33":{"start":{"line":60,"column":8},"end":{"line":60,"column":47}},"34":{"start":{"line":61,"column":8},"end":{"line":61,"column":15}},"35":{"start":{"line":63,"column":6},"end":{"line":63,"column":85}}},"fnMap":{"0":{"name":"(anonymous_0)","decl":{"start":{"line":5,"column":19},"end":{"line":5,"column":20}},"loc":{"start":{"line":5,"column":33},"end":{"line":15,"column":1}},"line":5},"1":{"name":"(anonymous_1)","decl":{"start":{"line":8,"column":4},"end":{"line":8,"column":5}},"loc":{"start":{"line":8,"column":20},"end":{"line":14,"column":5}},"line":8},"2":{"name":"(anonymous_2)","decl":{"start":{"line":17,"column":21},"end":{"line":17,"column":22}},"loc":{"start":{"line":17,"column":35},"end":{"line":31,"column":1}},"line":17},"3":{"name":"(anonymous_3)","decl":{"start":{"line":21,"column":2},"end":{"line":21,"column":3}},"loc":{"start":{"line":21,"column":17},"end":{"line":30,"column":3}},"line":21},"4":{"name":"(anonymous_4)","decl":{"start":{"line":32,"column":18},"end":{"line":32,"column":19}},"loc":{"start":{"line":32,"column":32},"end":{"line":46,"column":1}},"line":32},"5":{"name":"(anonymous_5)","decl":{"start":{"line":39,"column":12},"end":{"line":39,"column":13}},"loc":{"start":{"line":39,"column":19},"end":{"line":45,"column":3}},"line":39},"6":{"name":"(anonymous_6)","decl":{"start":{"line":48,"column":21},"end":{"line":48,"column":22}},"loc":{"start":{"line":48,"column":35},"end":{"line":66,"column":1}},"line":48},"7":{"name":"(anonymous_7)","decl":{"start":{"line":52,"column":2},"end":{"line":52,"column":3}},"loc":{"start":{"line":52,"column":17},"end":{"line":65,"column":3}},"line":52},"8":{"name":"(anonymous_8)","decl":{"start":{"line":57,"column":31},"end":{"line":57,"column":32}},"loc":{"start":{"line":57,"column":36},"end":{"line":57,"column":50}},"line":57},"9":{"name":"(anonymous_9)","decl":{"start":{"line":58,"column":14},"end":{"line":58,"column":15}},"loc":{"start":{"line":58,"column":21},"end":{"line":64,"column":5}},"line":58}},"branchMap":{"0":{"loc":{"start":{"line":9,"column":6},"end":{"line":12,"column":7}},"type":"if","locations":[{"start":{"line":9,"column":6},"end":{"line":12,"column":7}},{"start":{},"end":{}}],"line":9},"1":{"loc":{"start":{"line":22,"column":4},"end":{"line":25,"column":5}},"type":"if","locations":[{"start":{"line":22,"column":4},"end":{"line":25,"column":5}},{"start":{},"end":{}}],"line":22},"2":{"loc":{"start":{"line":26,"column":4},"end":{"line":28,"column":5}},"type":"if","locations":[{"start":{"line":26,"column":4},"end":{"line":28,"column":5}},{"start":{},"end":{}}],"line":26},"3":{"loc":{"start":{"line":40,"column":4},"end":{"line":43,"column":5}},"type":"if","locations":[{"start":{"line":40,"column":4},"end":{"line":43,"column":5}},{"start":{},"end":{}}],"line":40},"4":{"loc":{"start":{"line":53,"column":4},"end":{"line":56,"column":5}},"type":"if","locations":[{"start":{"line":53,"column":4},"end":{"line":56,"column":5}},{"start":{},"end":{}}],"line":53},"5":{"loc":{"start":{"line":59,"column":6},"end":{"line":62,"column":7}},"type":"if","locations":[{"start":{"line":59,"column":6},"end":{"line":62,"column":7}},{"start":{},"end":{}}],"line":59}},"s":{"0":1,"1":1,"2":1,"3":1,"4":0,"5":0,"6":0,"7":0,"8":0,"9":1,"10":0,"11":0,"12":0,"13":0,"14":0,"15":0,"16":0,"17":1,"18":0,"19":0,"20":0,"21":0,"22":0,"23":0,"24":1,"25":0,"26":0,"27":0,"28":0,"29":0,"30":0,"31":0,"32":0,"33":0,"34":0,"35":0},"f":{"0":0,"1":0,"2":0,"3":0,"4":0,"5":0,"6":0,"7":0,"8":0,"9":0},"b":{"0":[0,0],"1":[0,0],"2":[0,0],"3":[0,0],"4":[0,0],"5":[0,0]},"_coverageSchema":"1a1c01bbd47fc00a2c39e90264f33305004495a9","hash":"eefaec8800ea10e531db331947f1d09d3f4b7e7e"}
,"/home/usuario/cinemart/Backend/src/controllers/user.controller.js": {"path":"/home/usuario/cinemart/Backend/src/controllers/user.controller.js","statementMap":{"0":{"start":{"line":1,"column":15},"end":{"line":1,"column":47}},"1":{"start":{"line":2,"column":11},"end":{"line":2,"column":31}},"2":{"start":{"line":3,"column":13},"end":{"line":3,"column":20}},"3":{"start":{"line":4,"column":13},"end":{"line":4,"column":20}},"4":{"start":{"line":6,"column":0},"end":{"line":8,"column":2}},"5":{"start":{"line":7,"column":2},"end":{"line":7,"column":42}},"6":{"start":{"line":10,"column":0},"end":{"line":12,"column":2}},"7":{"start":{"line":11,"column":2},"end":{"line":11,"column":40}},"8":{"start":{"line":14,"column":0},"end":{"line":16,"column":2}},"9":{"start":{"line":15,"column":2},"end":{"line":15,"column":41}},"10":{"start":{"line":18,"column":0},"end":{"line":45,"column":2}},"11":{"start":{"line":19,"column":2},"end":{"line":44,"column":4}},"12":{"start":{"line":23,"column":4},"end":{"line":26,"column":5}},"13":{"start":{"line":24,"column":6},"end":{"line":24,"column":45}},"14":{"start":{"line":25,"column":6},"end":{"line":25,"column":13}},"15":{"start":{"line":27,"column":4},"end":{"line":43,"column":6}},"16":{"start":{"line":31,"column":6},"end":{"line":34,"column":7}},"17":{"start":{"line":32,"column":8},"end":{"line":32,"column":47}},"18":{"start":{"line":33,"column":8},"end":{"line":33,"column":15}},"19":{"start":{"line":35,"column":6},"end":{"line":35,"column":31}},"20":{"start":{"line":36,"column":6},"end":{"line":42,"column":9}},"21":{"start":{"line":37,"column":8},"end":{"line":40,"column":9}},"22":{"start":{"line":38,"column":10},"end":{"line":38,"column":49}},"23":{"start":{"line":39,"column":10},"end":{"line":39,"column":17}},"24":{"start":{"line":41,"column":8},"end":{"line":41,"column":65}},"25":{"start":{"line":47,"column":0},"end":{"line":79,"column":2}},"26":{"start":{"line":48,"column":2},"end":{"line":78,"column":4}},"27":{"start":{"line":52,"column":4},"end":{"line":55,"column":5}},"28":{"start":{"line":53,"column":6},"end":{"line":53,"column":45}},"29":{"start":{"line":54,"column":6},"end":{"line":54,"column":13}},"30":{"start":{"line":56,"column":4},"end":{"line":59,"column":5}},"31":{"start":{"line":57,"column":6},"end":{"line":57,"column":73}},"32":{"start":{"line":58,"column":6},"end":{"line":58,"column":13}},"33":{"start":{"line":60,"column":4},"end":{"line":77,"column":6}},"34":{"start":{"line":64,"column":6},"end":{"line":67,"column":7}},"35":{"start":{"line":65,"column":8},"end":{"line":65,"column":47}},"36":{"start":{"line":66,"column":8},"end":{"line":66,"column":15}},"37":{"start":{"line":68,"column":6},"end":{"line":68,"column":70}},"38":{"start":{"line":68,"column":50},"end":{"line":68,"column":64}},"39":{"start":{"line":69,"column":6},"end":{"line":75,"column":9}},"40":{"start":{"line":70,"column":8},"end":{"line":73,"column":9}},"41":{"start":{"line":71,"column":10},"end":{"line":71,"column":49}},"42":{"start":{"line":72,"column":10},"end":{"line":72,"column":17}},"43":{"start":{"line":74,"column":8},"end":{"line":74,"column":87}}},"fnMap":{"0":{"name":"(anonymous_0)","decl":{"start":{"line":6,"column":20},"end":{"line":6,"column":21}},"loc":{"start":{"line":6,"column":34},"end":{"line":8,"column":1}},"line":6},"1":{"name":"(anonymous_1)","decl":{"start":{"line":10,"column":20},"end":{"line":10,"column":21}},"loc":{"start":{"line":10,"column":34},"end":{"line":12,"column":1}},"line":10},"2":{"name":"(anonymous_2)","decl":{"start":{"line":14,"column":21},"end":{"line":14,"column":22}},"loc":{"start":{"line":14,"column":35},"end":{"line":16,"column":1}},"line":14},"3":{"name":"(anonymous_3)","decl":{"start":{"line":18,"column":27},"end":{"line":18,"column":28}},"loc":{"start":{"line":18,"column":41},"end":{"line":45,"column":1}},"line":18},"4":{"name":"(anonymous_4)","decl":{"start":{"line":22,"column":2},"end":{"line":22,"column":3}},"loc":{"start":{"line":22,"column":17},"end":{"line":44,"column":3}},"line":22},"5":{"name":"(anonymous_5)","decl":{"start":{"line":30,"column":4},"end":{"line":30,"column":5}},"loc":{"start":{"line":30,"column":19},"end":{"line":43,"column":5}},"line":30},"6":{"name":"(anonymous_6)","decl":{"start":{"line":36,"column":16},"end":{"line":36,"column":17}},"loc":{"start":{"line":36,"column":23},"end":{"line":42,"column":7}},"line":36},"7":{"name":"(anonymous_7)","decl":{"start":{"line":47,"column":21},"end":{"line":47,"column":22}},"loc":{"start":{"line":47,"column":35},"end":{"line":79,"column":1}},"line":47},"8":{"name":"(anonymous_8)","decl":{"start":{"line":51,"column":2},"end":{"line":51,"column":3}},"loc":{"start":{"line":51,"column":17},"end":{"line":78,"column":3}},"line":51},"9":{"name":"(anonymous_9)","decl":{"start":{"line":63,"column":4},"end":{"line":63,"column":5}},"loc":{"start":{"line":63,"column":19},"end":{"line":77,"column":5}},"line":63},"10":{"name":"(anonymous_10)","decl":{"start":{"line":68,"column":45},"end":{"line":68,"column":46}},"loc":{"start":{"line":68,"column":50},"end":{"line":68,"column":64}},"line":68},"11":{"name":"(anonymous_11)","decl":{"start":{"line":69,"column":16},"end":{"line":69,"column":17}},"loc":{"start":{"line":69,"column":23},"end":{"line":75,"column":7}},"line":69}},"branchMap":{"0":{"loc":{"start":{"line":23,"column":4},"end":{"line":26,"column":5}},"type":"if","locations":[{"start":{"line":23,"column":4},"end":{"line":26,"column":5}},{"start":{},"end":{}}],"line":23},"1":{"loc":{"start":{"line":31,"column":6},"end":{"line":34,"column":7}},"type":"if","locations":[{"start":{"line":31,"column":6},"end":{"line":34,"column":7}},{"start":{},"end":{}}],"line":31},"2":{"loc":{"start":{"line":37,"column":8},"end":{"line":40,"column":9}},"type":"if","locations":[{"start":{"line":37,"column":8},"end":{"line":40,"column":9}},{"start":{},"end":{}}],"line":37},"3":{"loc":{"start":{"line":52,"column":4},"end":{"line":55,"column":5}},"type":"if","locations":[{"start":{"line":52,"column":4},"end":{"line":55,"column":5}},{"start":{},"end":{}}],"line":52},"4":{"loc":{"start":{"line":56,"column":4},"end":{"line":59,"column":5}},"type":"if","locations":[{"start":{"line":56,"column":4},"end":{"line":59,"column":5}},{"start":{},"end":{}}],"line":56},"5":{"loc":{"start":{"line":64,"column":6},"end":{"line":67,"column":7}},"type":"if","locations":[{"start":{"line":64,"column":6},"end":{"line":67,"column":7}},{"start":{},"end":{}}],"line":64},"6":{"loc":{"start":{"line":70,"column":8},"end":{"line":73,"column":9}},"type":"if","locations":[{"start":{"line":70,"column":8},"end":{"line":73,"column":9}},{"start":{},"end":{}}],"line":70}},"s":{"0":1,"1":1,"2":1,"3":1,"4":1,"5":1,"6":1,"7":1,"8":1,"9":0,"10":1,"11":1,"12":1,"13":0,"14":0,"15":1,"16":1,"17":0,"18":0,"19":1,"20":1,"21":1,"22":0,"23":0,"24":1,"25":1,"26":1,"27":1,"28":0,"29":0,"30":1,"31":0,"32":0,"33":1,"34":1,"35":0,"36":0,"37":1,"38":3,"39":1,"40":1,"41":0,"42":0,"43":1},"f":{"0":1,"1":1,"2":0,"3":1,"4":1,"5":1,"6":1,"7":1,"8":1,"9":1,"10":3,"11":1},"b":{"0":[0,1],"1":[0,1],"2":[0,1],"3":[0,1],"4":[0,1],"5":[0,1],"6":[0,1]},"_coverageSchema":"1a1c01bbd47fc00a2c39e90264f33305004495a9","hash":"bccc15b64cc948f4c55e489bf357a8f118f89d94"}
,"/home/usuario/cinemart/Backend/src/middlewares/authJwt.js": {"path":"/home/usuario/cinemart/Backend/src/middlewares/authJwt.js","statementMap":{"0":{"start":{"line":1,"column":12},"end":{"line":1,"column":35}},"1":{"start":{"line":2,"column":15},"end":{"line":2,"column":50}},"2":{"start":{"line":3,"column":11},"end":{"line":3,"column":31}},"3":{"start":{"line":4,"column":13},"end":{"line":4,"column":20}},"4":{"start":{"line":5,"column":13},"end":{"line":5,"column":20}},"5":{"start":{"line":6,"column":0},"end":{"line":18,"column":2}},"6":{"start":{"line":7,"column":14},"end":{"line":7,"column":43}},"7":{"start":{"line":8,"column":2},"end":{"line":10,"column":3}},"8":{"start":{"line":9,"column":4},"end":{"line":9,"column":67}},"9":{"start":{"line":11,"column":2},"end":{"line":17,"column":5}},"10":{"start":{"line":12,"column":4},"end":{"line":14,"column":5}},"11":{"start":{"line":13,"column":6},"end":{"line":13,"column":64}},"12":{"start":{"line":15,"column":4},"end":{"line":15,"column":28}},"13":{"start":{"line":16,"column":4},"end":{"line":16,"column":11}},"14":{"start":{"line":19,"column":0},"end":{"line":45,"column":2}},"15":{"start":{"line":20,"column":2},"end":{"line":44,"column":5}},"16":{"start":{"line":21,"column":4},"end":{"line":24,"column":5}},"17":{"start":{"line":22,"column":6},"end":{"line":22,"column":45}},"18":{"start":{"line":23,"column":6},"end":{"line":23,"column":13}},"19":{"start":{"line":25,"column":4},"end":{"line":43,"column":6}},"20":{"start":{"line":30,"column":8},"end":{"line":33,"column":9}},"21":{"start":{"line":31,"column":10},"end":{"line":31,"column":49}},"22":{"start":{"line":32,"column":10},"end":{"line":32,"column":17}},"23":{"start":{"line":34,"column":8},"end":{"line":39,"column":9}},"24":{"start":{"line":34,"column":21},"end":{"line":34,"column":22}},"25":{"start":{"line":35,"column":10},"end":{"line":38,"column":11}},"26":{"start":{"line":36,"column":12},"end":{"line":36,"column":19}},"27":{"start":{"line":37,"column":12},"end":{"line":37,"column":19}},"28":{"start":{"line":40,"column":8},"end":{"line":40,"column":65}},"29":{"start":{"line":41,"column":8},"end":{"line":41,"column":15}},"30":{"start":{"line":46,"column":16},"end":{"line":49,"column":1}},"31":{"start":{"line":50,"column":0},"end":{"line":50,"column":25}}},"fnMap":{"0":{"name":"(anonymous_0)","decl":{"start":{"line":6,"column":14},"end":{"line":6,"column":15}},"loc":{"start":{"line":6,"column":34},"end":{"line":18,"column":1}},"line":6},"1":{"name":"(anonymous_1)","decl":{"start":{"line":11,"column":35},"end":{"line":11,"column":36}},"loc":{"start":{"line":11,"column":53},"end":{"line":17,"column":3}},"line":11},"2":{"name":"(anonymous_2)","decl":{"start":{"line":19,"column":10},"end":{"line":19,"column":11}},"loc":{"start":{"line":19,"column":30},"end":{"line":45,"column":1}},"line":19},"3":{"name":"(anonymous_3)","decl":{"start":{"line":20,"column":33},"end":{"line":20,"column":34}},"loc":{"start":{"line":20,"column":48},"end":{"line":44,"column":3}},"line":20},"4":{"name":"(anonymous_4)","decl":{"start":{"line":29,"column":6},"end":{"line":29,"column":7}},"loc":{"start":{"line":29,"column":22},"end":{"line":42,"column":7}},"line":29}},"branchMap":{"0":{"loc":{"start":{"line":8,"column":2},"end":{"line":10,"column":3}},"type":"if","locations":[{"start":{"line":8,"column":2},"end":{"line":10,"column":3}},{"start":{},"end":{}}],"line":8},"1":{"loc":{"start":{"line":12,"column":4},"end":{"line":14,"column":5}},"type":"if","locations":[{"start":{"line":12,"column":4},"end":{"line":14,"column":5}},{"start":{},"end":{}}],"line":12},"2":{"loc":{"start":{"line":21,"column":4},"end":{"line":24,"column":5}},"type":"if","locations":[{"start":{"line":21,"column":4},"end":{"line":24,"column":5}},{"start":{},"end":{}}],"line":21},"3":{"loc":{"start":{"line":30,"column":8},"end":{"line":33,"column":9}},"type":"if","locations":[{"start":{"line":30,"column":8},"end":{"line":33,"column":9}},{"start":{},"end":{}}],"line":30},"4":{"loc":{"start":{"line":35,"column":10},"end":{"line":38,"column":11}},"type":"if","locations":[{"start":{"line":35,"column":10},"end":{"line":38,"column":11}},{"start":{},"end":{}}],"line":35}},"s":{"0":1,"1":1,"2":1,"3":1,"4":1,"5":1,"6":6,"7":6,"8":1,"9":5,"10":5,"11":1,"12":4,"13":4,"14":1,"15":3,"16":3,"17":0,"18":0,"19":3,"20":3,"21":0,"22":0,"23":3,"24":3,"25":8,"26":2,"27":2,"28":1,"29":1,"30":1,"31":1},"f":{"0":6,"1":5,"2":3,"3":3,"4":3},"b":{"0":[1,5],"1":[1,4],"2":[0,3],"3":[0,3],"4":[2,6]},"_coverageSchema":"1a1c01bbd47fc00a2c39e90264f33305004495a9","hash":"0e053676d9fb42555b31333c4b24c6034af5410a"}
,"/home/usuario/cinemart/Backend/src/middlewares/index.js": {"path":"/home/usuario/cinemart/Backend/src/middlewares/index.js","statementMap":{"0":{"start":{"line":1,"column":16},"end":{"line":1,"column":36}},"1":{"start":{"line":2,"column":21},"end":{"line":2,"column":46}},"2":{"start":{"line":3,"column":0},"end":{"line":6,"column":2}}},"fnMap":{},"branchMap":{},"s":{"0":1,"1":1,"2":1},"f":{},"b":{},"_coverageSchema":"1a1c01bbd47fc00a2c39e90264f33305004495a9","hash":"29f7bfb3497bfb435a60e14effbac0f4893c39d4"}
,"/home/usuario/cinemart/Backend/src/middlewares/verifySignUp.js": {"path":"/home/usuario/cinemart/Backend/src/middlewares/verifySignUp.js","statementMap":{"0":{"start":{"line":1,"column":11},"end":{"line":1,"column":31}},"1":{"start":{"line":2,"column":14},"end":{"line":2,"column":22}},"2":{"start":{"line":3,"column":13},"end":{"line":3,"column":20}},"3":{"start":{"line":4,"column":0},"end":{"line":32,"column":2}},"4":{"start":{"line":6,"column":2},"end":{"line":31,"column":5}},"5":{"start":{"line":9,"column":4},"end":{"line":12,"column":5}},"6":{"start":{"line":10,"column":6},"end":{"line":10,"column":45}},"7":{"start":{"line":11,"column":6},"end":{"line":11,"column":13}},"8":{"start":{"line":13,"column":4},"end":{"line":16,"column":5}},"9":{"start":{"line":14,"column":6},"end":{"line":14,"column":79}},"10":{"start":{"line":15,"column":6},"end":{"line":15,"column":13}},"11":{"start":{"line":18,"column":4},"end":{"line":30,"column":7}},"12":{"start":{"line":21,"column":6},"end":{"line":24,"column":7}},"13":{"start":{"line":22,"column":8},"end":{"line":22,"column":47}},"14":{"start":{"line":23,"column":8},"end":{"line":23,"column":15}},"15":{"start":{"line":25,"column":6},"end":{"line":28,"column":7}},"16":{"start":{"line":26,"column":8},"end":{"line":26,"column":78}},"17":{"start":{"line":27,"column":8},"end":{"line":27,"column":15}},"18":{"start":{"line":29,"column":6},"end":{"line":29,"column":13}},"19":{"start":{"line":33,"column":0},"end":{"line":45,"column":2}},"20":{"start":{"line":34,"column":2},"end":{"line":43,"column":3}},"21":{"start":{"line":35,"column":4},"end":{"line":42,"column":5}},"22":{"start":{"line":35,"column":17},"end":{"line":35,"column":18}},"23":{"start":{"line":36,"column":6},"end":{"line":41,"column":7}},"24":{"start":{"line":37,"column":8},"end":{"line":39,"column":11}},"25":{"start":{"line":40,"column":8},"end":{"line":40,"column":15}},"26":{"start":{"line":44,"column":2},"end":{"line":44,"column":9}},"27":{"start":{"line":46,"column":21},"end":{"line":49,"column":1}},"28":{"start":{"line":50,"column":0},"end":{"line":50,"column":30}}},"fnMap":{"0":{"name":"(anonymous_0)","decl":{"start":{"line":4,"column":32},"end":{"line":4,"column":33}},"loc":{"start":{"line":4,"column":52},"end":{"line":32,"column":1}},"line":4},"1":{"name":"(anonymous_1)","decl":{"start":{"line":8,"column":10},"end":{"line":8,"column":11}},"loc":{"start":{"line":8,"column":25},"end":{"line":31,"column":3}},"line":8},"2":{"name":"(anonymous_2)","decl":{"start":{"line":20,"column":12},"end":{"line":20,"column":13}},"loc":{"start":{"line":20,"column":27},"end":{"line":30,"column":5}},"line":20},"3":{"name":"(anonymous_3)","decl":{"start":{"line":33,"column":20},"end":{"line":33,"column":21}},"loc":{"start":{"line":33,"column":40},"end":{"line":45,"column":1}},"line":33}},"branchMap":{"0":{"loc":{"start":{"line":9,"column":4},"end":{"line":12,"column":5}},"type":"if","locations":[{"start":{"line":9,"column":4},"end":{"line":12,"column":5}},{"start":{},"end":{}}],"line":9},"1":{"loc":{"start":{"line":13,"column":4},"end":{"line":16,"column":5}},"type":"if","locations":[{"start":{"line":13,"column":4},"end":{"line":16,"column":5}},{"start":{},"end":{}}],"line":13},"2":{"loc":{"start":{"line":21,"column":6},"end":{"line":24,"column":7}},"type":"if","locations":[{"start":{"line":21,"column":6},"end":{"line":24,"column":7}},{"start":{},"end":{}}],"line":21},"3":{"loc":{"start":{"line":25,"column":6},"end":{"line":28,"column":7}},"type":"if","locations":[{"start":{"line":25,"column":6},"end":{"line":28,"column":7}},{"start":{},"end":{}}],"line":25},"4":{"loc":{"start":{"line":34,"column":2},"end":{"line":43,"column":3}},"type":"if","locations":[{"start":{"line":34,"column":2},"end":{"line":43,"column":3}},{"start":{},"end":{}}],"line":34},"5":{"loc":{"start":{"line":36,"column":6},"end":{"line":41,"column":7}},"type":"if","locations":[{"start":{"line":36,"column":6},"end":{"line":41,"column":7}},{"start":{},"end":{}}],"line":36}},"s":{"0":1,"1":1,"2":1,"3":1,"4":5,"5":5,"6":0,"7":0,"8":5,"9":1,"10":1,"11":4,"12":4,"13":0,"14":0,"15":4,"16":1,"17":1,"18":3,"19":1,"20":3,"21":3,"22":3,"23":5,"24":1,"25":1,"26":2,"27":1,"28":1},"f":{"0":5,"1":5,"2":4,"3":3},"b":{"0":[0,5],"1":[1,4],"2":[0,4],"3":[1,3],"4":[3,0],"5":[1,4]},"_coverageSchema":"1a1c01bbd47fc00a2c39e90264f33305004495a9","hash":"2e68d4453929bad29e9d0b2e3e630020ccda5029"}
,"/home/usuario/cinemart/Backend/src/models/film.model.js": {"path":"/home/usuario/cinemart/Backend/src/models/film.model.js","statementMap":{"0":{"start":{"line":1,"column":26},"end":{"line":1,"column":45}},"1":{"start":{"line":3,"column":19},"end":{"line":8,"column":2}},"2":{"start":{"line":10,"column":0},"end":{"line":16,"column":2}},"3":{"start":{"line":12,"column":4},"end":{"line":12,"column":42}},"4":{"start":{"line":13,"column":4},"end":{"line":13,"column":29}},"5":{"start":{"line":14,"column":4},"end":{"line":14,"column":29}},"6":{"start":{"line":18,"column":13},"end":{"line":18,"column":38}},"7":{"start":{"line":19,"column":0},"end":{"line":19,"column":21}}},"fnMap":{"0":{"name":"(anonymous_0)","decl":{"start":{"line":11,"column":13},"end":{"line":11,"column":14}},"loc":{"start":{"line":11,"column":43},"end":{"line":15,"column":3}},"line":11}},"branchMap":{},"s":{"0":1,"1":1,"2":1,"3":0,"4":0,"5":0,"6":1,"7":1},"f":{"0":0},"b":{},"_coverageSchema":"1a1c01bbd47fc00a2c39e90264f33305004495a9","hash":"91d907fa2a8ab4c2ad2a90bb834b71bf4800d250"}
,"/home/usuario/cinemart/Backend/src/models/index.js": {"path":"/home/usuario/cinemart/Backend/src/models/index.js","statementMap":{"0":{"start":{"line":1,"column":17},"end":{"line":1,"column":36}},"1":{"start":{"line":2,"column":0},"end":{"line":2,"column":34}},"2":{"start":{"line":4,"column":11},"end":{"line":4,"column":13}},"3":{"start":{"line":6,"column":0},"end":{"line":6,"column":23}},"4":{"start":{"line":8,"column":0},"end":{"line":8,"column":34}},"5":{"start":{"line":9,"column":0},"end":{"line":9,"column":34}},"6":{"start":{"line":10,"column":0},"end":{"line":10,"column":34}},"7":{"start":{"line":12,"column":0},"end":{"line":12,"column":29}},"8":{"start":{"line":14,"column":0},"end":{"line":14,"column":20}}},"fnMap":{},"branchMap":{},"s":{"0":1,"1":1,"2":1,"3":1,"4":1,"5":1,"6":1,"7":1,"8":1},"f":{},"b":{},"_coverageSchema":"1a1c01bbd47fc00a2c39e90264f33305004495a9","hash":"3f09e360b65de8d595998f05df7cd32a8d754858"}
,"/home/usuario/cinemart/Backend/src/models/role.model.js": {"path":"/home/usuario/cinemart/Backend/src/models/role.model.js","statementMap":{"0":{"start":{"line":1,"column":26},"end":{"line":1,"column":45}},"1":{"start":{"line":3,"column":19},"end":{"line":5,"column":2}},"2":{"start":{"line":7,"column":0},"end":{"line":13,"column":2}},"3":{"start":{"line":9,"column":4},"end":{"line":9,"column":42}},"4":{"start":{"line":10,"column":4},"end":{"line":10,"column":29}},"5":{"start":{"line":11,"column":4},"end":{"line":11,"column":29}},"6":{"start":{"line":15,"column":13},"end":{"line":15,"column":38}},"7":{"start":{"line":16,"column":0},"end":{"line":16,"column":21}}},"fnMap":{"0":{"name":"(anonymous_0)","decl":{"start":{"line":8,"column":13},"end":{"line":8,"column":14}},"loc":{"start":{"line":8,"column":43},"end":{"line":12,"column":3}},"line":8}},"branchMap":{},"s":{"0":1,"1":1,"2":1,"3":0,"4":0,"5":0,"6":1,"7":1},"f":{"0":0},"b":{},"_coverageSchema":"1a1c01bbd47fc00a2c39e90264f33305004495a9","hash":"b63fb6def2feba140391035589461f4ec7c6d2f7"}
,"/home/usuario/cinemart/Backend/src/models/user.model.js": {"path":"/home/usuario/cinemart/Backend/src/models/user.model.js","statementMap":{"0":{"start":{"line":1,"column":26},"end":{"line":1,"column":45}},"1":{"start":{"line":3,"column":19},"end":{"line":13,"column":2}},"2":{"start":{"line":15,"column":0},"end":{"line":21,"column":2}},"3":{"start":{"line":17,"column":4},"end":{"line":17,"column":42}},"4":{"start":{"line":18,"column":4},"end":{"line":18,"column":29}},"5":{"start":{"line":19,"column":4},"end":{"line":19,"column":29}},"6":{"start":{"line":23,"column":13},"end":{"line":23,"column":38}},"7":{"start":{"line":24,"column":0},"end":{"line":24,"column":21}}},"fnMap":{"0":{"name":"(anonymous_0)","decl":{"start":{"line":16,"column":13},"end":{"line":16,"column":14}},"loc":{"start":{"line":16,"column":43},"end":{"line":20,"column":3}},"line":16}},"branchMap":{},"s":{"0":1,"1":1,"2":1,"3":0,"4":0,"5":0,"6":1,"7":1},"f":{"0":0},"b":{},"_coverageSchema":"1a1c01bbd47fc00a2c39e90264f33305004495a9","hash":"40d91809b78ec839c5774afecf9458e29f90214a"}
,"/home/usuario/cinemart/Backend/src/routes/auth.routes.js": {"path":"/home/usuario/cinemart/Backend/src/routes/auth.routes.js","statementMap":{"0":{"start":{"line":1,"column":25},"end":{"line":1,"column":50}},"1":{"start":{"line":2,"column":19},"end":{"line":2,"column":60}},"2":{"start":{"line":3,"column":0},"end":{"line":21,"column":2}},"3":{"start":{"line":4,"column":2},"end":{"line":10,"column":5}},"4":{"start":{"line":5,"column":4},"end":{"line":8,"column":6}},"5":{"start":{"line":9,"column":4},"end":{"line":9,"column":11}},"6":{"start":{"line":11,"column":2},"end":{"line":18,"column":4}},"7":{"start":{"line":19,"column":2},"end":{"line":19,"column":50}},"8":{"start":{"line":20,"column":2},"end":{"line":20,"column":52}}},"fnMap":{"0":{"name":"(anonymous_0)","decl":{"start":{"line":3,"column":17},"end":{"line":3,"column":18}},"loc":{"start":{"line":3,"column":32},"end":{"line":21,"column":1}},"line":3},"1":{"name":"(anonymous_1)","decl":{"start":{"line":4,"column":10},"end":{"line":4,"column":11}},"loc":{"start":{"line":4,"column":36},"end":{"line":10,"column":3}},"line":4}},"branchMap":{},"s":{"0":1,"1":1,"2":1,"3":1,"4":16,"5":16,"6":1,"7":1,"8":1},"f":{"0":1,"1":16},"b":{},"_coverageSchema":"1a1c01bbd47fc00a2c39e90264f33305004495a9","hash":"daf5bc3a205d197156e54bb4d175ef525afc1e56"}
,"/home/usuario/cinemart/Backend/src/routes/film.routes.js": {"path":"/home/usuario/cinemart/Backend/src/routes/film.routes.js","statementMap":{"0":{"start":{"line":1,"column":20},"end":{"line":1,"column":45}},"1":{"start":{"line":2,"column":23},"end":{"line":2,"column":64}},"2":{"start":{"line":5,"column":0},"end":{"line":23,"column":1}},"3":{"start":{"line":6,"column":2},"end":{"line":12,"column":5}},"4":{"start":{"line":7,"column":4},"end":{"line":10,"column":6}},"5":{"start":{"line":11,"column":4},"end":{"line":11,"column":11}},"6":{"start":{"line":13,"column":2},"end":{"line":13,"column":52}},"7":{"start":{"line":14,"column":2},"end":{"line":14,"column":61}},"8":{"start":{"line":15,"column":2},"end":{"line":18,"column":4}},"9":{"start":{"line":19,"column":2},"end":{"line":22,"column":4}}},"fnMap":{"0":{"name":"(anonymous_0)","decl":{"start":{"line":5,"column":17},"end":{"line":5,"column":18}},"loc":{"start":{"line":5,"column":32},"end":{"line":23,"column":1}},"line":5},"1":{"name":"(anonymous_1)","decl":{"start":{"line":6,"column":10},"end":{"line":6,"column":11}},"loc":{"start":{"line":6,"column":36},"end":{"line":12,"column":3}},"line":6}},"branchMap":{},"s":{"0":1,"1":1,"2":1,"3":1,"4":0,"5":0,"6":1,"7":1,"8":1,"9":1},"f":{"0":1,"1":0},"b":{},"_coverageSchema":"1a1c01bbd47fc00a2c39e90264f33305004495a9","hash":"9dccd72b29dacd3ba3ded12ecc7ff71a2e5316b2"}
,"/home/usuario/cinemart/Backend/src/routes/user.routes.js": {"path":"/home/usuario/cinemart/Backend/src/routes/user.routes.js","statementMap":{"0":{"start":{"line":1,"column":20},"end":{"line":1,"column":45}},"1":{"start":{"line":2,"column":19},"end":{"line":2,"column":60}},"2":{"start":{"line":4,"column":0},"end":{"line":27,"column":2}},"3":{"start":{"line":5,"column":2},"end":{"line":11,"column":5}},"4":{"start":{"line":6,"column":4},"end":{"line":9,"column":6}},"5":{"start":{"line":10,"column":4},"end":{"line":10,"column":11}},"6":{"start":{"line":12,"column":2},"end":{"line":12,"column":44}},"7":{"start":{"line":13,"column":2},"end":{"line":13,"column":68}},"8":{"start":{"line":14,"column":2},"end":{"line":18,"column":4}},"9":{"start":{"line":19,"column":2},"end":{"line":22,"column":4}},"10":{"start":{"line":23,"column":2},"end":{"line":26,"column":4}}},"fnMap":{"0":{"name":"(anonymous_0)","decl":{"start":{"line":4,"column":17},"end":{"line":4,"column":18}},"loc":{"start":{"line":4,"column":32},"end":{"line":27,"column":1}},"line":4},"1":{"name":"(anonymous_1)","decl":{"start":{"line":5,"column":10},"end":{"line":5,"column":11}},"loc":{"start":{"line":5,"column":36},"end":{"line":11,"column":3}},"line":5}},"branchMap":{},"s":{"0":1,"1":1,"2":1,"3":1,"4":7,"5":7,"6":1,"7":1,"8":1,"9":1,"10":1},"f":{"0":1,"1":7},"b":{},"_coverageSchema":"1a1c01bbd47fc00a2c39e90264f33305004495a9","hash":"7ed8d4ac3bc6dc5bb1b6860fb845410f04ff7701"}
}
