TN:
SF:server.js
FN:55,(anonymous_0)
FN:59,(anonymous_1)
FN:75,(anonymous_2)
FN:79,(anonymous_3)
FN:85,(anonymous_4)
FN:97,(anonymous_5)
FN:103,initial
FN:104,(anonymous_7)
FN:108,(anonymous_8)
FN:118,(anonymous_9)
FNF:10
FNH:3
FNDA:0,(anonymous_0)
FNDA:0,(anonymous_1)
FNDA:1,(anonymous_2)
FNDA:0,(anonymous_3)
FNDA:0,(anonymous_4)
FNDA:0,(anonymous_5)
FNDA:1,initial
FNDA:1,(anonymous_7)
FNDA:0,(anonymous_8)
FNDA:0,(anonymous_9)
DA:1,1
DA:2,1
DA:3,1
DA:4,1
DA:5,1
DA:9,1
DA:11,1
DA:12,1
DA:14,0
DA:15,0
DA:17,0
DA:20,1
DA:24,1
DA:26,1
DA:32,1
DA:35,1
DA:38,1
DA:40,1
DA:41,1
DA:42,1
DA:43,1
DA:44,0
DA:56,0
DA:57,0
DA:60,0
DA:61,0
DA:64,1
DA:76,1
DA:77,1
DA:80,0
DA:81,0
DA:85,1
DA:86,0
DA:90,1
DA:91,1
DA:92,1
DA:96,1
DA:97,1
DA:98,0
DA:101,1
DA:104,1
DA:105,1
DA:106,0
DA:109,0
DA:110,0
DA:113,0
DA:116,0
DA:119,0
DA:120,0
DA:123,0
LF:50
LH:30
BRDA:9,0,0,1
BRDA:9,0,1,0
BRDA:9,0,2,0
BRDA:20,1,0,0
BRDA:20,1,1,1
BRDA:43,2,0,0
BRDA:43,2,1,1
BRDA:96,3,0,1
BRDA:96,3,1,1
BRDA:105,4,0,0
BRDA:105,4,1,1
BRDA:105,5,0,1
BRDA:105,5,1,1
BRDA:109,6,0,0
BRDA:109,6,1,0
BRDA:119,7,0,0
BRDA:119,7,1,0
BRF:17
BRH:8
end_of_record
TN:
SF:src/config/auth.config.js
FNF:0
FNH:0
DA:1,1
LF:1
LH:1
BRF:0
BRH:0
end_of_record
TN:
SF:src/config/db.config.js
FNF:0
FNH:0
DA:1,1
DA:9,1
DA:18,1
DA:25,1
DA:26,1
DA:27,1
LF:6
LH:6
BRF:0
BRH:0
end_of_record
TN:
SF:src/config/env.config.js
FNF:0
FNH:0
DA:1,1
DA:5,1
DA:9,1
DA:10,1
LF:4
LH:4
BRF:0
BRH:0
end_of_record
TN:
SF:src/controllers/auth.controller.js
FN:8,(anonymous_0)
FN:14,(anonymous_1)
FN:24,(anonymous_2)
FN:29,(anonymous_3)
FN:30,(anonymous_4)
FN:40,(anonymous_5)
FN:46,(anonymous_6)
FN:58,(anonymous_7)
FN:63,(anonymous_8)
FN:98,(anonymous_9)
FNF:10
FNH:7
FNDA:2,(anonymous_0)
FNDA:2,(anonymous_1)
FNDA:2,(anonymous_2)
FNDA:6,(anonymous_3)
FNDA:2,(anonymous_4)
FNDA:0,(anonymous_5)
FNDA:0,(anonymous_6)
FNDA:4,(anonymous_7)
FNDA:4,(anonymous_8)
FNDA:0,(anonymous_9)
DA:1,1
DA:2,1
DA:3,1
DA:4,1
DA:5,1
DA:6,1
DA:8,1
DA:9,2
DA:14,2
DA:15,2
DA:16,0
DA:17,0
DA:19,2
DA:20,2
DA:25,2
DA:26,0
DA:27,0
DA:29,6
DA:30,2
DA:31,2
DA:32,0
DA:33,0
DA:35,2
DA:40,0
DA:41,0
DA:42,0
DA:43,0
DA:45,0
DA:46,0
DA:47,0
DA:48,0
DA:49,0
DA:51,0
DA:58,1
DA:59,4
DA:64,4
DA:65,0
DA:66,0
DA:68,4
DA:69,1
DA:71,3
DA:75,3
DA:76,1
DA:81,2
DA:84,2
DA:85,2
DA:86,6
DA:88,2
DA:98,1
DA:99,0
DA:100,0
DA:101,0
DA:103,0
LF:53
LH:31
BRDA:15,0,0,0
BRDA:15,0,1,2
BRDA:19,1,0,2
BRDA:19,1,1,0
BRDA:25,2,0,0
BRDA:25,2,1,2
BRDA:31,3,0,0
BRDA:31,3,1,2
BRDA:41,4,0,0
BRDA:41,4,1,0
BRDA:47,5,0,0
BRDA:47,5,1,0
BRDA:64,6,0,0
BRDA:64,6,1,4
BRDA:68,7,0,1
BRDA:68,7,1,3
BRDA:75,8,0,1
BRDA:75,8,1,2
BRF:18
BRH:9
end_of_record
TN:
SF:src/controllers/film.controller.js
FN:5,(anonymous_0)
FN:8,(anonymous_1)
FN:17,(anonymous_2)
FN:21,(anonymous_3)
FN:32,(anonymous_4)
FN:39,(anonymous_5)
FN:48,(anonymous_6)
FN:52,(anonymous_7)
FN:57,(anonymous_8)
FN:58,(anonymous_9)
FNF:10
FNH:0
FNDA:0,(anonymous_0)
FNDA:0,(anonymous_1)
FNDA:0,(anonymous_2)
FNDA:0,(anonymous_3)
FNDA:0,(anonymous_4)
FNDA:0,(anonymous_5)
FNDA:0,(anonymous_6)
FNDA:0,(anonymous_7)
FNDA:0,(anonymous_8)
FNDA:0,(anonymous_9)
DA:1,1
DA:2,1
DA:3,1
DA:5,1
DA:6,0
DA:9,0
DA:10,0
DA:11,0
DA:13,0
DA:17,1
DA:18,0
DA:22,0
DA:23,0
DA:24,0
DA:26,0
DA:27,0
DA:29,0
DA:32,1
DA:33,0
DA:39,0
DA:40,0
DA:41,0
DA:42,0
DA:44,0
DA:48,1
DA:49,0
DA:53,0
DA:54,0
DA:55,0
DA:57,0
DA:58,0
DA:59,0
DA:60,0
DA:61,0
DA:63,0
LF:35
LH:7
BRDA:9,0,0,0
BRDA:9,0,1,0
BRDA:22,1,0,0
BRDA:22,1,1,0
BRDA:26,2,0,0
BRDA:26,2,1,0
BRDA:40,3,0,0
BRDA:40,3,1,0
BRDA:53,4,0,0
BRDA:53,4,1,0
BRDA:59,5,0,0
BRDA:59,5,1,0
BRF:12
BRH:0
end_of_record
TN:
SF:src/controllers/user.controller.js
FN:6,(anonymous_0)
FN:10,(anonymous_1)
FN:14,(anonymous_2)
FN:18,(anonymous_3)
FN:22,(anonymous_4)
FN:30,(anonymous_5)
FN:36,(anonymous_6)
FN:47,(anonymous_7)
FN:51,(anonymous_8)
FN:63,(anonymous_9)
FN:68,(anonymous_10)
FN:69,(anonymous_11)
FNF:12
FNH:11
FNDA:1,(anonymous_0)
FNDA:1,(anonymous_1)
FNDA:0,(anonymous_2)
FNDA:1,(anonymous_3)
FNDA:1,(anonymous_4)
FNDA:1,(anonymous_5)
FNDA:1,(anonymous_6)
FNDA:1,(anonymous_7)
FNDA:1,(anonymous_8)
FNDA:1,(anonymous_9)
FNDA:3,(anonymous_10)
FNDA:1,(anonymous_11)
DA:1,1
DA:2,1
DA:3,1
DA:4,1
DA:6,1
DA:7,1
DA:10,1
DA:11,1
DA:14,1
DA:15,0
DA:18,1
DA:19,1
DA:23,1
DA:24,0
DA:25,0
DA:27,1
DA:31,1
DA:32,0
DA:33,0
DA:35,1
DA:36,1
DA:37,1
DA:38,0
DA:39,0
DA:41,1
DA:47,1
DA:48,1
DA:52,1
DA:53,0
DA:54,0
DA:56,1
DA:57,0
DA:58,0
DA:60,1
DA:64,1
DA:65,0
DA:66,0
DA:68,3
DA:69,1
DA:70,1
DA:71,0
DA:72,0
DA:74,1
LF:43
LH:28
BRDA:23,0,0,0
BRDA:23,0,1,1
BRDA:31,1,0,0
BRDA:31,1,1,1
BRDA:37,2,0,0
BRDA:37,2,1,1
BRDA:52,3,0,0
BRDA:52,3,1,1
BRDA:56,4,0,0
BRDA:56,4,1,1
BRDA:64,5,0,0
BRDA:64,5,1,1
BRDA:70,6,0,0
BRDA:70,6,1,1
BRF:14
BRH:7
end_of_record
TN:
SF:src/middlewares/authJwt.js
FN:6,(anonymous_0)
FN:11,(anonymous_1)
FN:19,(anonymous_2)
FN:20,(anonymous_3)
FN:29,(anonymous_4)
FNF:5
FNH:5
FNDA:6,(anonymous_0)
FNDA:5,(anonymous_1)
FNDA:3,(anonymous_2)
FNDA:3,(anonymous_3)
FNDA:3,(anonymous_4)
DA:1,1
DA:2,1
DA:3,1
DA:4,1
DA:5,1
DA:6,1
DA:7,6
DA:8,6
DA:9,1
DA:11,5
DA:12,5
DA:13,1
DA:15,4
DA:16,4
DA:19,1
DA:20,3
DA:21,3
DA:22,0
DA:23,0
DA:25,3
DA:30,3
DA:31,0
DA:32,0
DA:34,3
DA:35,8
DA:36,2
DA:37,2
DA:40,1
DA:41,1
DA:46,1
DA:50,1
LF:31
LH:27
BRDA:8,0,0,1
BRDA:8,0,1,5
BRDA:12,1,0,1
BRDA:12,1,1,4
BRDA:21,2,0,0
BRDA:21,2,1,3
BRDA:30,3,0,0
BRDA:30,3,1,3
BRDA:35,4,0,2
BRDA:35,4,1,6
BRF:10
BRH:8
end_of_record
TN:
SF:src/middlewares/index.js
FNF:0
FNH:0
DA:1,1
DA:2,1
DA:3,1
LF:3
LH:3
BRF:0
BRH:0
end_of_record
TN:
SF:src/middlewares/verifySignUp.js
FN:4,(anonymous_0)
FN:8,(anonymous_1)
FN:20,(anonymous_2)
FN:33,(anonymous_3)
FNF:4
FNH:4
FNDA:5,(anonymous_0)
FNDA:5,(anonymous_1)
FNDA:4,(anonymous_2)
FNDA:3,(anonymous_3)
DA:1,1
DA:2,1
DA:3,1
DA:4,1
DA:6,5
DA:9,5
DA:10,0
DA:11,0
DA:13,5
DA:14,1
DA:15,1
DA:18,4
DA:21,4
DA:22,0
DA:23,0
DA:25,4
DA:26,1
DA:27,1
DA:29,3
DA:33,1
DA:34,3
DA:35,3
DA:36,5
DA:37,1
DA:40,1
DA:44,2
DA:46,1
DA:50,1
LF:28
LH:24
BRDA:9,0,0,0
BRDA:9,0,1,5
BRDA:13,1,0,1
BRDA:13,1,1,4
BRDA:21,2,0,0
BRDA:21,2,1,4
BRDA:25,3,0,1
BRDA:25,3,1,3
BRDA:34,4,0,3
BRDA:34,4,1,0
BRDA:36,5,0,1
BRDA:36,5,1,4
BRF:12
BRH:9
end_of_record
TN:
SF:src/models/film.model.js
FN:11,(anonymous_0)
FNF:1
FNH:0
FNDA:0,(anonymous_0)
DA:1,1
DA:3,1
DA:10,1
DA:12,0
DA:13,0
DA:14,0
DA:18,1
DA:19,1
LF:8
LH:5
BRF:0
BRH:0
end_of_record
TN:
SF:src/models/index.js
FNF:0
FNH:0
DA:1,1
DA:2,1
DA:4,1
DA:6,1
DA:8,1
DA:9,1
DA:10,1
DA:12,1
DA:14,1
LF:9
LH:9
BRF:0
BRH:0
end_of_record
TN:
SF:src/models/role.model.js
FN:8,(anonymous_0)
FNF:1
FNH:0
FNDA:0,(anonymous_0)
DA:1,1
DA:3,1
DA:7,1
DA:9,0
DA:10,0
DA:11,0
DA:15,1
DA:16,1
LF:8
LH:5
BRF:0
BRH:0
end_of_record
TN:
SF:src/models/user.model.js
FN:16,(anonymous_0)
FNF:1
FNH:0
FNDA:0,(anonymous_0)
DA:1,1
DA:3,1
DA:15,1
DA:17,0
DA:18,0
DA:19,0
DA:23,1
DA:24,1
LF:8
LH:5
BRF:0
BRH:0
end_of_record
TN:
SF:src/routes/auth.routes.js
FN:3,(anonymous_0)
FN:4,(anonymous_1)
FNF:2
FNH:2
FNDA:1,(anonymous_0)
FNDA:16,(anonymous_1)
DA:1,1
DA:2,1
DA:3,1
DA:4,1
DA:5,16
DA:9,16
DA:11,1
DA:19,1
DA:20,1
LF:9
LH:9
BRF:0
BRH:0
end_of_record
TN:
SF:src/routes/film.routes.js
FN:5,(anonymous_0)
FN:6,(anonymous_1)
FNF:2
FNH:1
FNDA:1,(anonymous_0)
FNDA:0,(anonymous_1)
DA:1,1
DA:2,1
DA:5,1
DA:6,1
DA:7,0
DA:11,0
DA:13,1
DA:14,1
DA:15,1
DA:19,1
LF:10
LH:8
BRF:0
BRH:0
end_of_record
TN:
SF:src/routes/user.routes.js
FN:4,(anonymous_0)
FN:5,(anonymous_1)
FNF:2
FNH:2
FNDA:1,(anonymous_0)
FNDA:7,(anonymous_1)
DA:1,1
DA:2,1
DA:4,1
DA:5,1
DA:6,7
DA:10,7
DA:12,1
DA:13,1
DA:14,1
DA:19,1
DA:23,1
LF:11
LH:11
BRF:0
BRH:0
end_of_record
